<?xml version="1.0" encoding="UTF-8"?>
<!-- Generated by org.testng.reporters.JUnitReportReporter -->
<testsuite hostname="DESKTOP-NF3J3DA" failures="0" tests="1" name="automationdemo.SeleniumTest" time="0.002" errors="0" timestamp="2023-01-21T17:15:24 GMT" skipped="0">
  <testcase classname="automationdemo.SeleniumTest" name="display" time="0.002"/>
  <system-out/>
</testsuite> <!-- automationdemo.SeleniumTest -->
