<?xml version="1.0" encoding="UTF-8"?>
<!-- Generated by org.testng.reporters.JUnitReportReporter -->
<testsuite hostname="DESKTOP-NF3J3DA" failures="0" tests="1" name="automationdemo.AppiumTest" time="0.012" errors="0" timestamp="2023-01-21T17:14:50 GMT" skipped="0">
  <testcase classname="automationdemo.AppiumTest" name="appiumTest" time="0.012"/>
  <system-out/>
</testsuite> <!-- automationdemo.AppiumTest -->
